<?xml version="1.0" encoding="UTF-8"?>
<!-- Generated by org.testng.reporters.JUnitReportReporter -->
<testsuite hostname="ELW5096" failures="0" tests="1" name="testNG.Login_testng" time="3.632" errors="0" timestamp="07 Oct 2022 07:23:13 GMT" skipped="0">
  <testcase classname="testNG.Login_testng" name="login" time="3.632"/>
</testsuite> <!-- testNG.Login_testng -->
